# JRE version: OpenJDK Runtime Environment Temurin-17.0.11+9 (17.0.11+9) (build 17.0.11+9)
# Java VM: OpenJDK 64-Bit Server VM Temurin-17.0.11+9 (17.0.11+9, mixed mode, sharing, tiered, compressed oops, compressed class ptrs, g1 gc, windows-amd64)
GC Precious Log:
 CPUs: 12 total, 12 available
 Memory: 15741M
 Large Page Support: Disabled
 NUMA Support: Disabled
 Compressed Oops: Enabled (Zero based)
 Heap Region Size: 2M
 Heap Min Capacity: 8M
 Heap Initial Capacity: 246M
 Heap Max Capacity: 4G
 Pre-touch: Disabled
 Parallel Workers: 10
 Concurrent Workers: 3
 Concurrent Refinement Workers: 10
 Periodic GC: Disabled
Heap:
 garbage-first heap   total 438272K, used 320626K [0x0000000700000000, 0x0000000800000000)
  region size 2048K, 41 young (83968K), 7 survivors (14336K)
 Metaspace       used 118843K, committed 120576K, reserved 1179648K
  class space    used 16552K, committed 17344K, reserved 1048576K
GC Heap History (20 events):
Event: 18.911 GC heap before
{Heap before GC invocations=51 (full 0):
 garbage-first heap   total 438272K, used 327851K [0x0000000700000000, 0x0000000800000000)
  region size 2048K, 90 young (184320K), 2 survivors (4096K)
 Metaspace       used 91268K, committed 92544K, reserved 1179648K
  class space    used 12771K, committed 13376K, reserved 1048576K
}
Event: 18.927 GC heap after
{Heap after GC invocations=52 (full 0):
 garbage-first heap   total 438272K, used 169914K [0x0000000700000000, 0x0000000800000000)
  region size 2048K, 12 young (24576K), 12 survivors (24576K)
 Metaspace       used 91268K, committed 92544K, reserved 1179648K
  class space    used 12771K, committed 13376K, reserved 1048576K
}
Event: 21.073 GC heap before
{Heap before GC invocations=52 (full 0):
 garbage-first heap   total 438272K, used 329658K [0x0000000700000000, 0x0000000800000000)
  region size 2048K, 91 young (186368K), 12 survivors (24576K)
 Metaspace       used 91676K, committed 92992K, reserved 1179648K
  class space    used 12802K, committed 13440K, reserved 1048576K
}
Event: 21.088 GC heap after
{Heap after GC invocations=53 (full 0):
 garbage-first heap   total 438272K, used 183117K [0x0000000700000000, 0x0000000800000000)
  region size 2048K, 7 young (14336K), 7 survivors (14336K)
 Metaspace       used 91676K, committed 92992K, reserved 1179648K
  class space    used 12802K, committed 13440K, reserved 1048576K
}
Event: 22.150 GC heap before
{Heap before GC invocations=53 (full 0):
 garbage-first heap   total 438272K, used 340813K [0x0000000700000000, 0x0000000800000000)
  region size 2048K, 84 young (172032K), 7 survivors (14336K)
 Metaspace       used 91962K, committed 93248K, reserved 1179648K
  class space    used 12817K, committed 13440K, reserved 1048576K
}
Event: 22.156 GC heap after
{Heap after GC invocations=54 (full 0):
 garbage-first heap   total 438272K, used 175485K [0x0000000700000000, 0x0000000800000000)
  region size 2048K, 2 young (4096K), 2 survivors (4096K)
 Metaspace       used 91962K, committed 93248K, reserved 1179648K
  class space    used 12817K, committed 13440K, reserved 1048576K
}
Event: 3211.509 GC heap before
{Heap before GC invocations=54 (full 0):
 garbage-first heap   total 438272K, used 349565K [0x0000000700000000, 0x0000000800000000)
  region size 2048K, 87 young (178176K), 2 survivors (4096K)
 Metaspace       used 92269K, committed 93568K, reserved 1179648K
  class space    used 12826K, committed 13440K, reserved 1048576K
}
Event: 3211.589 GC heap after
{Heap after GC invocations=55 (full 0):
 garbage-first heap   total 438272K, used 173113K [0x0000000700000000, 0x0000000800000000)
  region size 2048K, 1 young (2048K), 1 survivors (2048K)
 Metaspace       used 92269K, committed 93568K, reserved 1179648K
  class space    used 12826K, committed 13440K, reserved 1048576K
}
Event: 7374.738 GC heap before
{Heap before GC invocations=55 (full 0):
 garbage-first heap   total 438272K, used 355385K [0x0000000700000000, 0x0000000800000000)
  region size 2048K, 91 young (186368K), 1 survivors (2048K)
 Metaspace       used 96735K, committed 98112K, reserved 1179648K
  class space    used 13402K, committed 14080K, reserved 1048576K
}
Event: 7374.751 GC heap after
{Heap after GC invocations=56 (full 0):
 garbage-first heap   total 438272K, used 180224K [0x0000000700000000, 0x0000000800000000)
  region size 2048K, 4 young (8192K), 4 survivors (8192K)
 Metaspace       used 96735K, committed 98112K, reserved 1179648K
  class space    used 13402K, committed 14080K, reserved 1048576K
}
Event: 7377.687 GC heap before
{Heap before GC invocations=56 (full 0):
 garbage-first heap   total 438272K, used 358400K [0x0000000700000000, 0x0000000800000000)
  region size 2048K, 92 young (188416K), 4 survivors (8192K)
 Metaspace       used 110077K, committed 111424K, reserved 1179648K
  class space    used 15304K, committed 15936K, reserved 1048576K
}
Event: 7377.698 GC heap after
{Heap after GC invocations=57 (full 0):
 garbage-first heap   total 438272K, used 191828K [0x0000000700000000, 0x0000000800000000)
  region size 2048K, 10 young (20480K), 10 survivors (20480K)
 Metaspace       used 110077K, committed 111424K, reserved 1179648K
  class space    used 15304K, committed 15936K, reserved 1048576K
}
Event: 7379.992 GC heap before
{Heap before GC invocations=57 (full 0):
 garbage-first heap   total 438272K, used 355668K [0x0000000700000000, 0x0000000800000000)
  region size 2048K, 91 young (186368K), 10 survivors (20480K)
 Metaspace       used 112952K, committed 114496K, reserved 1179648K
  class space    used 15769K, committed 16448K, reserved 1048576K
}
Event: 7380.026 GC heap after
{Heap after GC invocations=58 (full 0):
 garbage-first heap   total 438272K, used 208706K [0x0000000700000000, 0x0000000800000000)
  region size 2048K, 12 young (24576K), 12 survivors (24576K)
 Metaspace       used 112952K, committed 114496K, reserved 1179648K
  class space    used 15769K, committed 16448K, reserved 1048576K
}
Event: 7381.914 GC heap before
{Heap before GC invocations=58 (full 0):
 garbage-first heap   total 438272K, used 356162K [0x0000000700000000, 0x0000000800000000)
  region size 2048K, 84 young (172032K), 12 survivors (24576K)
 Metaspace       used 117706K, committed 119296K, reserved 1179648K
  class space    used 16437K, committed 17152K, reserved 1048576K
}
Event: 7381.934 GC heap after
{Heap after GC invocations=59 (full 0):
 garbage-first heap   total 438272K, used 228309K [0x0000000700000000, 0x0000000800000000)
  region size 2048K, 10 young (20480K), 10 survivors (20480K)
 Metaspace       used 117706K, committed 119296K, reserved 1179648K
  class space    used 16437K, committed 17152K, reserved 1048576K
}
Event: 7386.577 GC heap before
{Heap before GC invocations=59 (full 0):
 garbage-first heap   total 438272K, used 355285K [0x0000000700000000, 0x0000000800000000)
  region size 2048K, 72 young (147456K), 10 survivors (20480K)
 Metaspace       used 118338K, committed 120064K, reserved 1179648K
  class space    used 16508K, committed 17280K, reserved 1048576K
}
Event: 7386.598 GC heap after
{Heap after GC invocations=60 (full 0):
 garbage-first heap   total 438272K, used 240752K [0x0000000700000000, 0x0000000800000000)
  region size 2048K, 7 young (14336K), 7 survivors (14336K)
 Metaspace       used 118338K, committed 120064K, reserved 1179648K
  class space    used 16508K, committed 17280K, reserved 1048576K
}
Event: 7390.285 GC heap before
{Heap before GC invocations=60 (full 0):
 garbage-first heap   total 438272K, used 353392K [0x0000000700000000, 0x0000000800000000)
  region size 2048K, 63 young (129024K), 7 survivors (14336K)
 Metaspace       used 118596K, committed 120320K, reserved 1179648K
  class space    used 16536K, committed 17344K, reserved 1048576K
}
Event: 7390.297 GC heap after
{Heap after GC invocations=61 (full 0):
 garbage-first heap   total 438272K, used 253042K [0x0000000700000000, 0x0000000800000000)
  region size 2048K, 7 young (14336K), 7 survivors (14336K)
 Metaspace       used 118596K, committed 120320K, reserved 1179648K
  class space    used 16536K, committed 17344K, reserved 1048576K
}

